# JRE version: OpenJDK Runtime Environment (11.0.11+9) (build 11.0.11+9-Ubuntu-0ubuntu2.18.04)
# Java VM: OpenJDK 64-Bit Server VM (11.0.11+9-Ubuntu-0ubuntu2.18.04, mixed mode, tiered, compressed oops, g1 gc, linux-amd64)
Heap:
 garbage-first heap   total 205824K, used 150601K [0x00000000c4c00000, 0x0000000100000000)
  region size 1024K, 50 young (51200K), 1 survivors (1024K)
 Metaspace       used 58875K, capacity 59627K, committed 61056K, reserved 1103872K
  class space    used 6378K, capacity 6672K, committed 7040K, reserved 1048576K
GC Heap History (20 events):
Event: 74259,165 GC heap before
{Heap before GC invocations=422 (full 0):
 garbage-first heap   total 205824K, used 181225K [0x00000000c4c00000, 0x0000000100000000)
  region size 1024K, 80 young (81920K), 1 survivors (1024K)
 Metaspace       used 58818K, capacity 59573K, committed 61056K, reserved 1103872K
  class space    used 6367K, capacity 6653K, committed 7040K, reserved 1048576K
}
Event: 74259,174 GC heap after
{Heap after GC invocations=423 (full 0):
 garbage-first heap   total 205824K, used 100327K [0x00000000c4c00000, 0x0000000100000000)
  region size 1024K, 1 young (1024K), 1 survivors (1024K)
 Metaspace       used 58818K, capacity 59573K, committed 61056K, reserved 1103872K
  class space    used 6367K, capacity 6653K, committed 7040K, reserved 1048576K
}
Event: 74748,543 GC heap before
{Heap before GC invocations=423 (full 0):
 garbage-first heap   total 205824K, used 181223K [0x00000000c4c00000, 0x0000000100000000)
  region size 1024K, 80 young (81920K), 1 survivors (1024K)
 Metaspace       used 58818K, capacity 59573K, committed 61056K, reserved 1103872K
  class space    used 6367K, capacity 6653K, committed 7040K, reserved 1048576K
}
Event: 74748,607 GC heap after
{Heap after GC invocations=424 (full 0):
 garbage-first heap   total 205824K, used 100328K [0x00000000c4c00000, 0x0000000100000000)
  region size 1024K, 1 young (1024K), 1 survivors (1024K)
 Metaspace       used 58818K, capacity 59573K, committed 61056K, reserved 1103872K
  class space    used 6367K, capacity 6653K, committed 7040K, reserved 1048576K
}
Event: 75241,665 GC heap before
{Heap before GC invocations=425 (full 0):
 garbage-first heap   total 205824K, used 181224K [0x00000000c4c00000, 0x0000000100000000)
  region size 1024K, 80 young (81920K), 1 survivors (1024K)
 Metaspace       used 58818K, capacity 59573K, committed 61056K, reserved 1103872K
  class space    used 6367K, capacity 6653K, committed 7040K, reserved 1048576K
}
Event: 75241,678 GC heap after
{Heap after GC invocations=426 (full 0):
 garbage-first heap   total 205824K, used 100324K [0x00000000c4c00000, 0x0000000100000000)
  region size 1024K, 1 young (1024K), 1 survivors (1024K)
 Metaspace       used 58818K, capacity 59573K, committed 61056K, reserved 1103872K
  class space    used 6367K, capacity 6653K, committed 7040K, reserved 1048576K
}
Event: 75741,223 GC heap before
{Heap before GC invocations=426 (full 0):
 garbage-first heap   total 205824K, used 182244K [0x00000000c4c00000, 0x0000000100000000)
  region size 1024K, 81 young (82944K), 1 survivors (1024K)
 Metaspace       used 58818K, capacity 59573K, committed 61056K, reserved 1103872K
  class space    used 6367K, capacity 6653K, committed 7040K, reserved 1048576K
}
Event: 75741,241 GC heap after
{Heap after GC invocations=427 (full 0):
 garbage-first heap   total 205824K, used 100616K [0x00000000c4c00000, 0x0000000100000000)
  region size 1024K, 1 young (1024K), 1 survivors (1024K)
 Metaspace       used 58818K, capacity 59573K, committed 61056K, reserved 1103872K
  class space    used 6367K, capacity 6653K, committed 7040K, reserved 1048576K
}
Event: 76241,385 GC heap before
{Heap before GC invocations=428 (full 0):
 garbage-first heap   total 205824K, used 182536K [0x00000000c4c00000, 0x0000000100000000)
  region size 1024K, 81 young (82944K), 1 survivors (1024K)
 Metaspace       used 58818K, capacity 59573K, committed 61056K, reserved 1103872K
  class space    used 6367K, capacity 6653K, committed 7040K, reserved 1048576K
}
Event: 76241,411 GC heap after
{Heap after GC invocations=429 (full 0):
 garbage-first heap   total 205824K, used 100472K [0x00000000c4c00000, 0x0000000100000000)
  region size 1024K, 1 young (1024K), 1 survivors (1024K)
 Metaspace       used 58818K, capacity 59573K, committed 61056K, reserved 1103872K
  class space    used 6367K, capacity 6653K, committed 7040K, reserved 1048576K
}
Event: 76733,473 GC heap before
{Heap before GC invocations=429 (full 0):
 garbage-first heap   total 205824K, used 182392K [0x00000000c4c00000, 0x0000000100000000)
  region size 1024K, 81 young (82944K), 1 survivors (1024K)
 Metaspace       used 58820K, capacity 59573K, committed 61056K, reserved 1103872K
  class space    used 6367K, capacity 6653K, committed 7040K, reserved 1048576K
}
Event: 76733,696 GC heap after
{Heap after GC invocations=430 (full 0):
 garbage-first heap   total 205824K, used 100497K [0x00000000c4c00000, 0x0000000100000000)
  region size 1024K, 1 young (1024K), 1 survivors (1024K)
 Metaspace       used 58820K, capacity 59573K, committed 61056K, reserved 1103872K
  class space    used 6367K, capacity 6653K, committed 7040K, reserved 1048576K
}
Event: 76981,781 GC heap before
{Heap before GC invocations=431 (full 0):
 garbage-first heap   total 205824K, used 143505K [0x00000000c4c00000, 0x0000000100000000)
  region size 1024K, 44 young (45056K), 1 survivors (1024K)
 Metaspace       used 58825K, capacity 59573K, committed 61056K, reserved 1103872K
  class space    used 6367K, capacity 6653K, committed 7040K, reserved 1048576K
}
Event: 76981,926 GC heap after
{Heap after GC invocations=432 (full 0):
 garbage-first heap   total 205824K, used 100651K [0x00000000c4c00000, 0x0000000100000000)
  region size 1024K, 1 young (1024K), 1 survivors (1024K)
 Metaspace       used 58825K, capacity 59573K, committed 61056K, reserved 1103872K
  class space    used 6367K, capacity 6653K, committed 7040K, reserved 1048576K
}
Event: 77426,549 GC heap before
{Heap before GC invocations=433 (full 0):
 garbage-first heap   total 205824K, used 177451K [0x00000000c4c00000, 0x0000000100000000)
  region size 1024K, 75 young (76800K), 1 survivors (1024K)
 Metaspace       used 58863K, capacity 59627K, committed 61056K, reserved 1103872K
  class space    used 6377K, capacity 6672K, committed 7040K, reserved 1048576K
}
Event: 77426,743 GC heap after
{Heap after GC invocations=434 (full 0):
 garbage-first heap   total 205824K, used 102004K [0x00000000c4c00000, 0x0000000100000000)
  region size 1024K, 1 young (1024K), 1 survivors (1024K)
 Metaspace       used 58863K, capacity 59627K, committed 61056K, reserved 1103872K
  class space    used 6377K, capacity 6672K, committed 7040K, reserved 1048576K
}
Event: 77876,415 GC heap before
{Heap before GC invocations=434 (full 0):
 garbage-first heap   total 205824K, used 177780K [0x00000000c4c00000, 0x0000000100000000)
  region size 1024K, 75 young (76800K), 1 survivors (1024K)
 Metaspace       used 58863K, capacity 59627K, committed 61056K, reserved 1103872K
  class space    used 6377K, capacity 6672K, committed 7040K, reserved 1048576K
}
Event: 77876,759 GC heap after
{Heap after GC invocations=435 (full 0):
 garbage-first heap   total 205824K, used 102002K [0x00000000c4c00000, 0x0000000100000000)
  region size 1024K, 1 young (1024K), 1 survivors (1024K)
 Metaspace       used 58863K, capacity 59627K, committed 61056K, reserved 1103872K
  class space    used 6377K, capacity 6672K, committed 7040K, reserved 1048576K
}
Event: 78333,211 GC heap before
{Heap before GC invocations=436 (full 0):
 garbage-first heap   total 205824K, used 177778K [0x00000000c4c00000, 0x0000000100000000)
  region size 1024K, 75 young (76800K), 1 survivors (1024K)
 Metaspace       used 58863K, capacity 59627K, committed 61056K, reserved 1103872K
  class space    used 6377K, capacity 6672K, committed 7040K, reserved 1048576K
}
Event: 78333,411 GC heap after
{Heap after GC invocations=437 (full 0):
 garbage-first heap   total 205824K, used 101449K [0x00000000c4c00000, 0x0000000100000000)
  region size 1024K, 1 young (1024K), 1 survivors (1024K)
 Metaspace       used 58863K, capacity 59627K, committed 61056K, reserved 1103872K
  class space    used 6377K, capacity 6672K, committed 7040K, reserved 1048576K
}

